SF:lib/data/services/motel_service.dart
DA:9,1
DA:11,1
DA:13,3
DA:15,3
DA:17,2
DA:18,2
DA:19,1
DA:21,2
DA:23,3
DA:24,2
DA:26,1
DA:27,1
DA:29,1
DA:33,0
DA:37,1
DA:38,2
DA:41,2
LF:17
LH:16
end_of_record
SF:lib/data/models/motel_model.dart
DA:11,1
DA:20,1
DA:21,1
DA:22,1
DA:23,1
DA:24,1
DA:25,1
DA:26,2
DA:27,2
DA:28,1
DA:32,1
DA:33,4
LF:12
LH:12
end_of_record
SF:lib/data/models/suite_model.dart
DA:9,0
DA:16,0
DA:17,0
DA:18,0
DA:19,0
DA:21,0
DA:22,0
DA:23,0
DA:24,0
LF:9
LH:0
end_of_record
SF:lib/data/models/period_model.dart
DA:5,0
DA:10,0
DA:11,0
DA:12,0
DA:13,0
LF:5
LH:0
end_of_record
